# JRE version: OpenJDK Runtime Environment (17.0.7) (build 17.0.7+0-b2043.56-10550314)
# Java VM: OpenJDK 64-Bit Server VM (17.0.7+0-b2043.56-10550314, mixed mode, tiered, compressed oops, compressed class ptrs, g1 gc, windows-amd64)
GC Precious Log:
 CPUs: 8 total, 8 available
 Memory: 7885M
 Large Page Support: Disabled
 NUMA Support: Disabled
 Compressed Oops: Enabled (Zero based)
 Heap Region Size: 2M
 Heap Min Capacity: 8M
 Heap Initial Capacity: 124M
 Heap Max Capacity: 4G
 Pre-touch: Disabled
 Parallel Workers: 8
 Concurrent Workers: 2
 Concurrent Refinement Workers: 8
 Periodic GC: Disabled
Heap:
 garbage-first heap   total 544768K, used 127915K [0x0000000700000000, 0x0000000800000000)
  region size 2048K, 2 young (4096K), 2 survivors (4096K)
 Metaspace       used 122190K, committed 123200K, reserved 1179648K
  class space    used 16340K, committed 16832K, reserved 1048576K
GC Heap History (20 events):
Event: 172.829 GC heap after
{Heap after GC invocations=62 (full 0):
 garbage-first heap   total 331776K, used 126845K [0x0000000700000000, 0x0000000800000000)
  region size 2048K, 1 young (2048K), 1 survivors (2048K)
 Metaspace       used 114268K, committed 115200K, reserved 1179648K
  class space    used 15507K, committed 15936K, reserved 1048576K
}
Event: 173.591 GC heap before
{Heap before GC invocations=62 (full 0):
 garbage-first heap   total 331776K, used 278397K [0x0000000700000000, 0x0000000800000000)
  region size 2048K, 75 young (153600K), 1 survivors (2048K)
 Metaspace       used 114369K, committed 115264K, reserved 1179648K
  class space    used 15507K, committed 15936K, reserved 1048576K
}
Event: 173.595 GC heap after
{Heap after GC invocations=63 (full 0):
 garbage-first heap   total 331776K, used 128556K [0x0000000700000000, 0x0000000800000000)
  region size 2048K, 2 young (4096K), 2 survivors (4096K)
 Metaspace       used 114369K, committed 115264K, reserved 1179648K
  class space    used 15507K, committed 15936K, reserved 1048576K
}
Event: 174.387 GC heap before
{Heap before GC invocations=64 (full 0):
 garbage-first heap   total 331776K, used 273964K [0x0000000700000000, 0x0000000800000000)
  region size 2048K, 76 young (155648K), 2 survivors (4096K)
 Metaspace       used 115777K, committed 116672K, reserved 1179648K
  class space    used 15631K, committed 16064K, reserved 1048576K
}
Event: 174.391 GC heap after
{Heap after GC invocations=65 (full 0):
 garbage-first heap   total 331776K, used 123976K [0x0000000700000000, 0x0000000800000000)
  region size 2048K, 4 young (8192K), 4 survivors (8192K)
 Metaspace       used 115777K, committed 116672K, reserved 1179648K
  class space    used 15631K, committed 16064K, reserved 1048576K
}
Event: 174.413 GC heap before
{Heap before GC invocations=65 (full 0):
 garbage-first heap   total 331776K, used 132168K [0x0000000700000000, 0x0000000800000000)
  region size 2048K, 8 young (16384K), 4 survivors (8192K)
 Metaspace       used 115798K, committed 116736K, reserved 1179648K
  class space    used 15634K, committed 16064K, reserved 1048576K
}
Event: 174.417 GC heap after
{Heap after GC invocations=66 (full 0):
 garbage-first heap   total 331776K, used 123685K [0x0000000700000000, 0x0000000800000000)
  region size 2048K, 1 young (2048K), 1 survivors (2048K)
 Metaspace       used 115798K, committed 116736K, reserved 1179648K
  class space    used 15634K, committed 16064K, reserved 1048576K
}
Event: 174.803 GC heap before
{Heap before GC invocations=66 (full 0):
 garbage-first heap   total 331776K, used 275237K [0x0000000700000000, 0x0000000800000000)
  region size 2048K, 76 young (155648K), 1 survivors (2048K)
 Metaspace       used 115877K, committed 116800K, reserved 1179648K
  class space    used 15639K, committed 16064K, reserved 1048576K
}
Event: 174.806 GC heap after
{Heap after GC invocations=67 (full 0):
 garbage-first heap   total 331776K, used 126308K [0x0000000700000000, 0x0000000800000000)
  region size 2048K, 3 young (6144K), 3 survivors (6144K)
 Metaspace       used 115877K, committed 116800K, reserved 1179648K
  class space    used 15639K, committed 16064K, reserved 1048576K
}
Event: 180.530 GC heap before
{Heap before GC invocations=68 (full 0):
 garbage-first heap   total 331776K, used 275812K [0x0000000700000000, 0x0000000800000000)
  region size 2048K, 76 young (155648K), 3 survivors (6144K)
 Metaspace       used 118564K, committed 119552K, reserved 1179648K
  class space    used 15895K, committed 16320K, reserved 1048576K
}
Event: 180.540 GC heap after
{Heap after GC invocations=69 (full 0):
 garbage-first heap   total 331776K, used 130175K [0x0000000700000000, 0x0000000800000000)
  region size 2048K, 5 young (10240K), 5 survivors (10240K)
 Metaspace       used 118564K, committed 119552K, reserved 1179648K
  class space    used 15895K, committed 16320K, reserved 1048576K
}
Event: 180.766 GC heap before
{Heap before GC invocations=69 (full 0):
 garbage-first heap   total 331776K, used 134271K [0x0000000700000000, 0x0000000800000000)
  region size 2048K, 8 young (16384K), 5 survivors (10240K)
 Metaspace       used 118651K, committed 119680K, reserved 1179648K
  class space    used 15903K, committed 16384K, reserved 1048576K
}
Event: 180.803 GC heap after
{Heap after GC invocations=70 (full 0):
 garbage-first heap   total 331776K, used 129436K [0x0000000700000000, 0x0000000800000000)
  region size 2048K, 1 young (2048K), 1 survivors (2048K)
 Metaspace       used 118651K, committed 119680K, reserved 1179648K
  class space    used 15903K, committed 16384K, reserved 1048576K
}
Event: 193.338 GC heap before
{Heap before GC invocations=70 (full 0):
 garbage-first heap   total 331776K, used 158108K [0x0000000700000000, 0x0000000800000000)
  region size 2048K, 17 young (34816K), 1 survivors (2048K)
 Metaspace       used 119284K, committed 120256K, reserved 1179648K
  class space    used 15983K, committed 16448K, reserved 1048576K
}
Event: 193.345 GC heap after
{Heap after GC invocations=71 (full 0):
 garbage-first heap   total 331776K, used 129894K [0x0000000700000000, 0x0000000800000000)
  region size 2048K, 1 young (2048K), 1 survivors (2048K)
 Metaspace       used 119284K, committed 120256K, reserved 1179648K
  class space    used 15983K, committed 16448K, reserved 1048576K
}
Event: 196.592 GC heap before
{Heap before GC invocations=72 (full 0):
 garbage-first heap   total 542720K, used 535398K [0x0000000700000000, 0x0000000800000000)
  region size 2048K, 9 young (18432K), 1 survivors (2048K)
 Metaspace       used 120231K, committed 121152K, reserved 1179648K
  class space    used 16101K, committed 16576K, reserved 1048576K
}
Event: 196.602 GC heap after
{Heap after GC invocations=73 (full 0):
 garbage-first heap   total 544768K, used 128971K [0x0000000700000000, 0x0000000800000000)
  region size 2048K, 2 young (4096K), 2 survivors (4096K)
 Metaspace       used 120231K, committed 121152K, reserved 1179648K
  class space    used 16101K, committed 16576K, reserved 1048576K
}
Event: 197.124 GC heap before
{Heap before GC invocations=73 (full 0):
 garbage-first heap   total 544768K, used 149451K [0x0000000700000000, 0x0000000800000000)
  region size 2048K, 13 young (26624K), 2 survivors (4096K)
 Metaspace       used 121187K, committed 122112K, reserved 1179648K
  class space    used 16207K, committed 16640K, reserved 1048576K
}
Event: 197.144 GC heap after
{Heap after GC invocations=74 (full 0):
 garbage-first heap   total 544768K, used 126897K [0x0000000700000000, 0x0000000800000000)
  region size 2048K, 2 young (4096K), 2 survivors (4096K)
 Metaspace       used 121187K, committed 122112K, reserved 1179648K
  class space    used 16207K, committed 16640K, reserved 1048576K
}
Event: 208.916 GC heap before
{Heap before GC invocations=74 (full 0):
 garbage-first heap   total 544768K, used 188337K [0x0000000700000000, 0x0000000800000000)
  region size 2048K, 33 young (67584K), 2 survivors (4096K)
 Metaspace       used 122190K, committed 123200K, reserved 1179648K
  class space    used 16340K, committed 16832K, reserved 1048576K
}

