# JRE version: OpenJDK Runtime Environment (17.0.7) (build 17.0.7+0-b2043.56-10550314)
# Java VM: OpenJDK 64-Bit Server VM (17.0.7+0-b2043.56-10550314, mixed mode, tiered, compressed oops, compressed class ptrs, g1 gc, windows-amd64)
GC Precious Log:
 CPUs: 8 total, 8 available
 Memory: 7885M
 Large Page Support: Disabled
 NUMA Support: Disabled
 Compressed Oops: Enabled (Zero based)
 Heap Region Size: 2M
 Heap Min Capacity: 8M
 Heap Initial Capacity: 124M
 Heap Max Capacity: 4G
 Pre-touch: Disabled
 Parallel Workers: 8
 Concurrent Workers: 2
 Concurrent Refinement Workers: 8
 Periodic GC: Disabled
Heap:
 garbage-first heap   total 489472K, used 174398K [0x0000000700000000, 0x0000000800000000)
  region size 2048K, 60 young (122880K), 11 survivors (22528K)
 Metaspace       used 84786K, committed 85376K, reserved 1179648K
  class space    used 11124K, committed 11392K, reserved 1048576K
GC Heap History (20 events):
Event: 33.832 GC heap before
{Heap before GC invocations=55 (full 0):
 garbage-first heap   total 450560K, used 319663K [0x0000000700000000, 0x0000000800000000)
  region size 2048K, 132 young (270336K), 7 survivors (14336K)
 Metaspace       used 50440K, committed 50816K, reserved 1114112K
  class space    used 6603K, committed 6784K, reserved 1048576K
}
Event: 33.838 GC heap after
{Heap after GC invocations=56 (full 0):
 garbage-first heap   total 450560K, used 58163K [0x0000000700000000, 0x0000000800000000)
  region size 2048K, 4 young (8192K), 4 survivors (8192K)
 Metaspace       used 50440K, committed 50816K, reserved 1114112K
  class space    used 6603K, committed 6784K, reserved 1048576K
}
Event: 34.800 GC heap before
{Heap before GC invocations=56 (full 0):
 garbage-first heap   total 450560K, used 320307K [0x0000000700000000, 0x0000000800000000)
  region size 2048K, 132 young (270336K), 4 survivors (8192K)
 Metaspace       used 50441K, committed 50816K, reserved 1114112K
  class space    used 6603K, committed 6784K, reserved 1048576K
}
Event: 34.805 GC heap after
{Heap after GC invocations=57 (full 0):
 garbage-first heap   total 450560K, used 58442K [0x0000000700000000, 0x0000000800000000)
  region size 2048K, 4 young (8192K), 4 survivors (8192K)
 Metaspace       used 50441K, committed 50816K, reserved 1114112K
  class space    used 6603K, committed 6784K, reserved 1048576K
}
Event: 35.772 GC heap before
{Heap before GC invocations=57 (full 0):
 garbage-first heap   total 450560K, used 320586K [0x0000000700000000, 0x0000000800000000)
  region size 2048K, 132 young (270336K), 4 survivors (8192K)
 Metaspace       used 50441K, committed 50816K, reserved 1114112K
  class space    used 6603K, committed 6784K, reserved 1048576K
}
Event: 35.777 GC heap after
{Heap after GC invocations=58 (full 0):
 garbage-first heap   total 450560K, used 60309K [0x0000000700000000, 0x0000000800000000)
  region size 2048K, 5 young (10240K), 5 survivors (10240K)
 Metaspace       used 50441K, committed 50816K, reserved 1114112K
  class space    used 6603K, committed 6784K, reserved 1048576K
}
Event: 39.325 GC heap before
{Heap before GC invocations=58 (full 0):
 garbage-first heap   total 450560K, used 213909K [0x0000000700000000, 0x0000000800000000)
  region size 2048K, 81 young (165888K), 5 survivors (10240K)
 Metaspace       used 59614K, committed 60096K, reserved 1114112K
  class space    used 7882K, committed 8128K, reserved 1048576K
}
Event: 39.331 GC heap after
{Heap after GC invocations=59 (full 0):
 garbage-first heap   total 450560K, used 52777K [0x0000000700000000, 0x0000000800000000)
  region size 2048K, 4 young (8192K), 4 survivors (8192K)
 Metaspace       used 59614K, committed 60096K, reserved 1114112K
  class space    used 7882K, committed 8128K, reserved 1048576K
}
Event: 40.292 GC heap before
{Heap before GC invocations=60 (full 0):
 garbage-first heap   total 184320K, used 161321K [0x0000000700000000, 0x0000000800000000)
  region size 2048K, 54 young (110592K), 4 survivors (8192K)
 Metaspace       used 66003K, committed 66560K, reserved 1114112K
  class space    used 8816K, committed 9088K, reserved 1048576K
}
Event: 40.301 GC heap after
{Heap after GC invocations=61 (full 0):
 garbage-first heap   total 184320K, used 58309K [0x0000000700000000, 0x0000000800000000)
  region size 2048K, 4 young (8192K), 4 survivors (8192K)
 Metaspace       used 66003K, committed 66560K, reserved 1114112K
  class space    used 8816K, committed 9088K, reserved 1048576K
}
Event: 40.305 GC heap before
{Heap before GC invocations=61 (full 0):
 garbage-first heap   total 184320K, used 60357K [0x0000000700000000, 0x0000000800000000)
  region size 2048K, 5 young (10240K), 4 survivors (8192K)
 Metaspace       used 66003K, committed 66560K, reserved 1114112K
  class space    used 8816K, committed 9088K, reserved 1048576K
}
Event: 40.325 GC heap after
{Heap after GC invocations=62 (full 0):
 garbage-first heap   total 184320K, used 56783K [0x0000000700000000, 0x0000000800000000)
  region size 2048K, 1 young (2048K), 1 survivors (2048K)
 Metaspace       used 66003K, committed 66560K, reserved 1114112K
  class space    used 8816K, committed 9088K, reserved 1048576K
}
Event: 40.511 GC heap before
{Heap before GC invocations=62 (full 0):
 garbage-first heap   total 184320K, used 155087K [0x0000000700000000, 0x0000000800000000)
  region size 2048K, 49 young (100352K), 1 survivors (2048K)
 Metaspace       used 66004K, committed 66560K, reserved 1114112K
  class space    used 8816K, committed 9088K, reserved 1048576K
}
Event: 40.514 GC heap after
{Heap after GC invocations=63 (full 0):
 garbage-first heap   total 489472K, used 57382K [0x0000000700000000, 0x0000000800000000)
  region size 2048K, 1 young (2048K), 1 survivors (2048K)
 Metaspace       used 66004K, committed 66560K, reserved 1114112K
  class space    used 8816K, committed 9088K, reserved 1048576K
}
Event: 41.083 GC heap before
{Heap before GC invocations=63 (full 0):
 garbage-first heap   total 489472K, used 348198K [0x0000000700000000, 0x0000000800000000)
  region size 2048K, 143 young (292864K), 1 survivors (2048K)
 Metaspace       used 66006K, committed 66560K, reserved 1114112K
  class space    used 8816K, committed 9088K, reserved 1048576K
}
Event: 41.087 GC heap after
{Heap after GC invocations=64 (full 0):
 garbage-first heap   total 489472K, used 61366K [0x0000000700000000, 0x0000000800000000)
  region size 2048K, 3 young (6144K), 3 survivors (6144K)
 Metaspace       used 66006K, committed 66560K, reserved 1114112K
  class space    used 8816K, committed 9088K, reserved 1048576K
}
Event: 71.096 GC heap before
{Heap before GC invocations=64 (full 0):
 garbage-first heap   total 489472K, used 348086K [0x0000000700000000, 0x0000000800000000)
  region size 2048K, 143 young (292864K), 3 survivors (6144K)
 Metaspace       used 82509K, committed 83072K, reserved 1179648K
  class space    used 11049K, committed 11328K, reserved 1048576K
}
Event: 71.121 GC heap after
{Heap after GC invocations=65 (full 0):
 garbage-first heap   total 489472K, used 65907K [0x0000000700000000, 0x0000000800000000)
  region size 2048K, 8 young (16384K), 8 survivors (16384K)
 Metaspace       used 82509K, committed 83072K, reserved 1179648K
  class space    used 11049K, committed 11328K, reserved 1048576K
}
Event: 257.003 GC heap before
{Heap before GC invocations=65 (full 0):
 garbage-first heap   total 489472K, used 340339K [0x0000000700000000, 0x0000000800000000)
  region size 2048K, 143 young (292864K), 8 survivors (16384K)
 Metaspace       used 84455K, committed 84992K, reserved 1179648K
  class space    used 11088K, committed 11328K, reserved 1048576K
}
Event: 257.037 GC heap after
{Heap after GC invocations=66 (full 0):
 garbage-first heap   total 489472K, used 71998K [0x0000000700000000, 0x0000000800000000)
  region size 2048K, 11 young (22528K), 11 survivors (22528K)
 Metaspace       used 84455K, committed 84992K, reserved 1179648K
  class space    used 11088K, committed 11328K, reserved 1048576K
}

