# JRE version: OpenJDK Runtime Environment (17.0.11) (build 17.0.11+0--11852314)
# Java VM: OpenJDK 64-Bit Server VM (17.0.11+0--11852314, mixed mode, tiered, compressed oops, compressed class ptrs, g1 gc, windows-amd64)
GC Precious Log:
 CPUs: 8 total, 8 available
 Memory: 7885M
 Large Page Support: Disabled
 NUMA Support: Disabled
 Compressed Oops: Enabled (Zero based)
 Heap Region Size: 2M
 Heap Min Capacity: 8M
 Heap Initial Capacity: 124M
 Heap Max Capacity: 4G
 Pre-touch: Disabled
 Parallel Workers: 8
 Concurrent Workers: 2
 Concurrent Refinement Workers: 8
 Periodic GC: Disabled
Heap:
 garbage-first heap   total 188416K, used 104044K [0x0000000700000000, 0x0000000800000000)
  region size 2048K, 4 young (8192K), 1 survivors (2048K)
 Metaspace       used 102234K, committed 103040K, reserved 1179648K
  class space    used 14025K, committed 14400K, reserved 1048576K
GC Heap History (20 events):
Event: 15.646 GC heap before
{Heap before GC invocations=37 (full 0):
 garbage-first heap   total 137216K, used 100584K [0x0000000700000000, 0x0000000800000000)
  region size 2048K, 17 young (34816K), 2 survivors (4096K)
 Metaspace       used 81228K, committed 81920K, reserved 1179648K
  class space    used 11017K, committed 11328K, reserved 1048576K
}
Event: 15.656 GC heap after
{Heap after GC invocations=38 (full 0):
 garbage-first heap   total 137216K, used 72656K [0x0000000700000000, 0x0000000800000000)
  region size 2048K, 2 young (4096K), 2 survivors (4096K)
 Metaspace       used 81228K, committed 81920K, reserved 1179648K
  class space    used 11017K, committed 11328K, reserved 1048576K
}
Event: 16.683 GC heap before
{Heap before GC invocations=38 (full 0):
 garbage-first heap   total 137216K, used 109520K [0x0000000700000000, 0x0000000800000000)
  region size 2048K, 20 young (40960K), 2 survivors (4096K)
 Metaspace       used 84617K, committed 85248K, reserved 1179648K
  class space    used 11580K, committed 11840K, reserved 1048576K
}
Event: 16.694 GC heap after
{Heap after GC invocations=39 (full 0):
 garbage-first heap   total 165888K, used 75360K [0x0000000700000000, 0x0000000800000000)
  region size 2048K, 3 young (6144K), 3 survivors (6144K)
 Metaspace       used 84617K, committed 85248K, reserved 1179648K
  class space    used 11580K, committed 11840K, reserved 1048576K
}
Event: 18.145 GC heap before
{Heap before GC invocations=40 (full 0):
 garbage-first heap   total 165888K, used 128608K [0x0000000700000000, 0x0000000800000000)
  region size 2048K, 29 young (59392K), 3 survivors (6144K)
 Metaspace       used 88094K, committed 88768K, reserved 1179648K
  class space    used 12148K, committed 12416K, reserved 1048576K
}
Event: 18.162 GC heap after
{Heap after GC invocations=41 (full 0):
 garbage-first heap   total 165888K, used 80575K [0x0000000700000000, 0x0000000800000000)
  region size 2048K, 4 young (8192K), 4 survivors (8192K)
 Metaspace       used 88094K, committed 88768K, reserved 1179648K
  class space    used 12148K, committed 12416K, reserved 1048576K
}
Event: 19.583 GC heap before
{Heap before GC invocations=41 (full 0):
 garbage-first heap   total 165888K, used 129727K [0x0000000700000000, 0x0000000800000000)
  region size 2048K, 28 young (57344K), 4 survivors (8192K)
 Metaspace       used 92182K, committed 92864K, reserved 1179648K
  class space    used 12809K, committed 13120K, reserved 1048576K
}
Event: 19.600 GC heap after
{Heap after GC invocations=42 (full 0):
 garbage-first heap   total 165888K, used 84912K [0x0000000700000000, 0x0000000800000000)
  region size 2048K, 3 young (6144K), 3 survivors (6144K)
 Metaspace       used 92182K, committed 92864K, reserved 1179648K
  class space    used 12809K, committed 13120K, reserved 1048576K
}
Event: 21.088 GC heap before
{Heap before GC invocations=43 (full 0):
 garbage-first heap   total 165888K, used 132016K [0x0000000700000000, 0x0000000800000000)
  region size 2048K, 26 young (53248K), 3 survivors (6144K)
 Metaspace       used 95703K, committed 96384K, reserved 1179648K
  class space    used 13262K, committed 13568K, reserved 1048576K
}
Event: 21.104 GC heap after
{Heap after GC invocations=44 (full 0):
 garbage-first heap   total 165888K, used 89465K [0x0000000700000000, 0x0000000800000000)
  region size 2048K, 4 young (8192K), 4 survivors (8192K)
 Metaspace       used 95703K, committed 96384K, reserved 1179648K
  class space    used 13262K, committed 13568K, reserved 1048576K
}
Event: 22.475 GC heap before
{Heap before GC invocations=44 (full 0):
 garbage-first heap   total 165888K, used 132473K [0x0000000700000000, 0x0000000800000000)
  region size 2048K, 25 young (51200K), 4 survivors (8192K)
 Metaspace       used 98147K, committed 98880K, reserved 1179648K
  class space    used 13586K, committed 13888K, reserved 1048576K
}
Event: 22.492 GC heap after
{Heap after GC invocations=45 (full 0):
 garbage-first heap   total 165888K, used 92780K [0x0000000700000000, 0x0000000800000000)
  region size 2048K, 2 young (4096K), 2 survivors (4096K)
 Metaspace       used 98147K, committed 98880K, reserved 1179648K
  class space    used 13586K, committed 13888K, reserved 1048576K
}
Event: 24.373 GC heap before
{Heap before GC invocations=46 (full 0):
 garbage-first heap   total 165888K, used 131692K [0x0000000700000000, 0x0000000800000000)
  region size 2048K, 22 young (45056K), 2 survivors (4096K)
 Metaspace       used 99561K, committed 100416K, reserved 1179648K
  class space    used 13765K, committed 14144K, reserved 1048576K
}
Event: 24.385 GC heap after
{Heap after GC invocations=47 (full 0):
 garbage-first heap   total 165888K, used 95376K [0x0000000700000000, 0x0000000800000000)
  region size 2048K, 3 young (6144K), 3 survivors (6144K)
 Metaspace       used 99561K, committed 100416K, reserved 1179648K
  class space    used 13765K, committed 14144K, reserved 1048576K
}
Event: 25.331 GC heap before
{Heap before GC invocations=47 (full 0):
 garbage-first heap   total 165888K, used 132240K [0x0000000700000000, 0x0000000800000000)
  region size 2048K, 22 young (45056K), 3 survivors (6144K)
 Metaspace       used 101113K, committed 101952K, reserved 1179648K
  class space    used 13917K, committed 14336K, reserved 1048576K
}
Event: 25.344 GC heap after
{Heap after GC invocations=48 (full 0):
 garbage-first heap   total 165888K, used 98565K [0x0000000700000000, 0x0000000800000000)
  region size 2048K, 2 young (4096K), 2 survivors (4096K)
 Metaspace       used 101113K, committed 101952K, reserved 1179648K
  class space    used 13917K, committed 14336K, reserved 1048576K
}
Event: 241.781 GC heap before
{Heap before GC invocations=49 (full 0):
 garbage-first heap   total 188416K, used 129285K [0x0000000700000000, 0x0000000800000000)
  region size 2048K, 18 young (36864K), 2 survivors (4096K)
 Metaspace       used 102003K, committed 102848K, reserved 1179648K
  class space    used 14021K, committed 14400K, reserved 1048576K
}
Event: 241.839 GC heap after
{Heap after GC invocations=50 (full 0):
 garbage-first heap   total 188416K, used 100250K [0x0000000700000000, 0x0000000800000000)
  region size 2048K, 1 young (2048K), 1 survivors (2048K)
 Metaspace       used 102003K, committed 102848K, reserved 1179648K
  class space    used 14021K, committed 14400K, reserved 1048576K
}
Event: 2637.373 GC heap before
{Heap before GC invocations=50 (full 0):
 garbage-first heap   total 188416K, used 151450K [0x0000000700000000, 0x0000000800000000)
  region size 2048K, 27 young (55296K), 1 survivors (2048K)
 Metaspace       used 102224K, committed 103040K, reserved 1179648K
  class space    used 14027K, committed 14400K, reserved 1048576K
}
Event: 2637.467 GC heap after
{Heap after GC invocations=51 (full 0):
 garbage-first heap   total 188416K, used 99948K [0x0000000700000000, 0x0000000800000000)
  region size 2048K, 1 young (2048K), 1 survivors (2048K)
 Metaspace       used 102224K, committed 103040K, reserved 1179648K
  class space    used 14027K, committed 14400K, reserved 1048576K
}

