# JRE version: OpenJDK Runtime Environment (17.0.7) (build 17.0.7+0-b2043.56-10550314)
# Java VM: OpenJDK 64-Bit Server VM (17.0.7+0-b2043.56-10550314, mixed mode, tiered, compressed oops, compressed class ptrs, g1 gc, windows-amd64)
GC Precious Log:
 CPUs: 8 total, 8 available
 Memory: 7885M
 Large Page Support: Disabled
 NUMA Support: Disabled
 Compressed Oops: Enabled (Zero based)
 Heap Region Size: 2M
 Heap Min Capacity: 8M
 Heap Initial Capacity: 124M
 Heap Max Capacity: 4G
 Pre-touch: Disabled
 Parallel Workers: 8
 Concurrent Workers: 2
 Concurrent Refinement Workers: 8
 Periodic GC: Disabled
Heap:
 garbage-first heap   total 403456K, used 208555K [0x0000000700000000, 0x0000000800000000)
  region size 2048K, 7 young (14336K), 7 survivors (14336K)
 Metaspace       used 149109K, committed 150144K, reserved 1179648K
  class space    used 20236K, committed 20672K, reserved 1048576K
GC Heap History (20 events):
Event: 40.312 GC heap after
{Heap after GC invocations=44 (full 0):
 garbage-first heap   total 403456K, used 134264K [0x0000000700000000, 0x0000000800000000)
  region size 2048K, 7 young (14336K), 7 survivors (14336K)
 Metaspace       used 127983K, committed 128960K, reserved 1179648K
  class space    used 17098K, committed 17536K, reserved 1048576K
}
Event: 40.767 GC heap before
{Heap before GC invocations=45 (full 0):
 garbage-first heap   total 403456K, used 156792K [0x0000000700000000, 0x0000000800000000)
  region size 2048K, 18 young (36864K), 7 survivors (14336K)
 Metaspace       used 129897K, committed 130880K, reserved 1179648K
  class space    used 17358K, committed 17792K, reserved 1048576K
}
Event: 40.779 GC heap after
{Heap after GC invocations=46 (full 0):
 garbage-first heap   total 403456K, used 140534K [0x0000000700000000, 0x0000000800000000)
  region size 2048K, 8 young (16384K), 8 survivors (16384K)
 Metaspace       used 129897K, committed 130880K, reserved 1179648K
  class space    used 17358K, committed 17792K, reserved 1048576K
}
Event: 42.365 GC heap before
{Heap before GC invocations=47 (full 0):
 garbage-first heap   total 403456K, used 337142K [0x0000000700000000, 0x0000000800000000)
  region size 2048K, 94 young (192512K), 8 survivors (16384K)
 Metaspace       used 139269K, committed 140224K, reserved 1179648K
  class space    used 18861K, committed 19264K, reserved 1048576K
}
Event: 42.406 GC heap after
{Heap after GC invocations=48 (full 0):
 garbage-first heap   total 403456K, used 177266K [0x0000000700000000, 0x0000000800000000)
  region size 2048K, 12 young (24576K), 12 survivors (24576K)
 Metaspace       used 139269K, committed 140224K, reserved 1179648K
  class space    used 18861K, committed 19264K, reserved 1048576K
}
Event: 44.247 GC heap before
{Heap before GC invocations=48 (full 0):
 garbage-first heap   total 403456K, used 302194K [0x0000000700000000, 0x0000000800000000)
  region size 2048K, 74 young (151552K), 12 survivors (24576K)
 Metaspace       used 143971K, committed 144960K, reserved 1179648K
  class space    used 19501K, committed 19904K, reserved 1048576K
}
Event: 44.274 GC heap after
{Heap after GC invocations=49 (full 0):
 garbage-first heap   total 403456K, used 189881K [0x0000000700000000, 0x0000000800000000)
  region size 2048K, 8 young (16384K), 8 survivors (16384K)
 Metaspace       used 143971K, committed 144960K, reserved 1179648K
  class space    used 19501K, committed 19904K, reserved 1048576K
}
Event: 44.867 GC heap before
{Heap before GC invocations=50 (full 0):
 garbage-first heap   total 403456K, used 269753K [0x0000000700000000, 0x0000000800000000)
  region size 2048K, 46 young (94208K), 8 survivors (16384K)
 Metaspace       used 145680K, committed 146624K, reserved 1179648K
  class space    used 19736K, committed 20160K, reserved 1048576K
}
Event: 44.879 GC heap after
{Heap after GC invocations=51 (full 0):
 garbage-first heap   total 403456K, used 199359K [0x0000000700000000, 0x0000000800000000)
  region size 2048K, 2 young (4096K), 2 survivors (4096K)
 Metaspace       used 145680K, committed 146624K, reserved 1179648K
  class space    used 19736K, committed 20160K, reserved 1048576K
}
Event: 51.657 GC heap before
{Heap before GC invocations=52 (full 0):
 garbage-first heap   total 403456K, used 324287K [0x0000000700000000, 0x0000000800000000)
  region size 2048K, 56 young (114688K), 2 survivors (4096K)
 Metaspace       used 148661K, committed 149696K, reserved 1179648K
  class space    used 20169K, committed 20608K, reserved 1048576K
}
Event: 51.665 GC heap after
{Heap after GC invocations=53 (full 0):
 garbage-first heap   total 403456K, used 205732K [0x0000000700000000, 0x0000000800000000)
  region size 2048K, 6 young (12288K), 6 survivors (12288K)
 Metaspace       used 148661K, committed 149696K, reserved 1179648K
  class space    used 20169K, committed 20608K, reserved 1048576K
}
Event: 51.697 GC heap before
{Heap before GC invocations=53 (full 0):
 garbage-first heap   total 403456K, used 209828K [0x0000000700000000, 0x0000000800000000)
  region size 2048K, 9 young (18432K), 6 survivors (12288K)
 Metaspace       used 148802K, committed 149824K, reserved 1179648K
  class space    used 20199K, committed 20672K, reserved 1048576K
}
Event: 51.704 GC heap after
{Heap after GC invocations=54 (full 0):
 garbage-first heap   total 403456K, used 198961K [0x0000000700000000, 0x0000000800000000)
  region size 2048K, 1 young (2048K), 1 survivors (2048K)
 Metaspace       used 148802K, committed 149824K, reserved 1179648K
  class space    used 20199K, committed 20672K, reserved 1048576K
}
Event: 51.720 GC heap before
{Heap before GC invocations=54 (full 0):
 garbage-first heap   total 403456K, used 201009K [0x0000000700000000, 0x0000000800000000)
  region size 2048K, 3 young (6144K), 1 survivors (2048K)
 Metaspace       used 148904K, committed 149888K, reserved 1179648K
  class space    used 20215K, committed 20672K, reserved 1048576K
}
Event: 51.723 GC heap after
{Heap after GC invocations=55 (full 0):
 garbage-first heap   total 403456K, used 198196K [0x0000000700000000, 0x0000000800000000)
  region size 2048K, 1 young (2048K), 1 survivors (2048K)
 Metaspace       used 148904K, committed 149888K, reserved 1179648K
  class space    used 20215K, committed 20672K, reserved 1048576K
}
Event: 52.304 GC heap before
{Heap before GC invocations=56 (full 0):
 garbage-first heap   total 403456K, used 302644K [0x0000000700000000, 0x0000000800000000)
  region size 2048K, 60 young (122880K), 1 survivors (2048K)
 Metaspace       used 149094K, committed 150144K, reserved 1179648K
  class space    used 20236K, committed 20672K, reserved 1048576K
}
Event: 52.392 GC heap after
{Heap after GC invocations=57 (full 0):
 garbage-first heap   total 403456K, used 199260K [0x0000000700000000, 0x0000000800000000)
  region size 2048K, 8 young (16384K), 8 survivors (16384K)
 Metaspace       used 149094K, committed 150144K, reserved 1179648K
  class space    used 20236K, committed 20672K, reserved 1048576K
}
Event: 52.414 GC heap before
{Heap before GC invocations=57 (full 0):
 garbage-first heap   total 403456K, used 201308K [0x0000000700000000, 0x0000000800000000)
  region size 2048K, 9 young (18432K), 8 survivors (16384K)
 Metaspace       used 149094K, committed 150144K, reserved 1179648K
  class space    used 20236K, committed 20672K, reserved 1048576K
}
Event: 52.437 GC heap after
{Heap after GC invocations=58 (full 0):
 garbage-first heap   total 403456K, used 197355K [0x0000000700000000, 0x0000000800000000)
  region size 2048K, 1 young (2048K), 1 survivors (2048K)
 Metaspace       used 149094K, committed 150144K, reserved 1179648K
  class space    used 20236K, committed 20672K, reserved 1048576K
}
Event: 53.244 GC heap before
{Heap before GC invocations=58 (full 0):
 garbage-first heap   total 403456K, used 277227K [0x0000000700000000, 0x0000000800000000)
  region size 2048K, 42 young (86016K), 1 survivors (2048K)
 Metaspace       used 149109K, committed 150144K, reserved 1179648K
  class space    used 20236K, committed 20672K, reserved 1048576K
}

