# JRE version: OpenJDK Runtime Environment (17.0.11) (build 17.0.11+0--11852314)
# Java VM: OpenJDK 64-Bit Server VM (17.0.11+0--11852314, mixed mode, tiered, compressed oops, compressed class ptrs, g1 gc, windows-amd64)
GC Precious Log:
 CPUs: 8 total, 8 available
 Memory: 7885M
 Large Page Support: Disabled
 NUMA Support: Disabled
 Compressed Oops: Enabled (32-bit)
 Heap Region Size: 1M
 Heap Min Capacity: 8M
 Heap Initial Capacity: 124M
 Heap Max Capacity: 1972M
 Pre-touch: Disabled
 Parallel Workers: 8
 Concurrent Workers: 2
 Concurrent Refinement Workers: 8
 Periodic GC: Disabled
Heap:
 garbage-first heap   total 86016K, used 43271K [0x0000000084c00000, 0x0000000100000000)
  region size 1024K, 20 young (20480K), 5 survivors (5120K)
 Metaspace       used 47079K, committed 47360K, reserved 1114112K
  class space    used 5805K, committed 5952K, reserved 1048576K
GC Heap History (16 events):
Event: 0.522 GC heap before
{Heap before GC invocations=0 (full 0):
 garbage-first heap   total 126976K, used 26624K [0x0000000084c00000, 0x0000000100000000)
  region size 1024K, 23 young (23552K), 0 survivors (0K)
 Metaspace       used 13016K, committed 13120K, reserved 1114112K
  class space    used 1228K, committed 1280K, reserved 1048576K
}
Event: 0.527 GC heap after
{Heap after GC invocations=1 (full 0):
 garbage-first heap   total 126976K, used 6240K [0x0000000084c00000, 0x0000000100000000)
  region size 1024K, 3 young (3072K), 3 survivors (3072K)
 Metaspace       used 13016K, committed 13120K, reserved 1114112K
  class space    used 1228K, committed 1280K, reserved 1048576K
}
Event: 0.944 GC heap before
{Heap before GC invocations=1 (full 0):
 garbage-first heap   total 126976K, used 36960K [0x0000000084c00000, 0x0000000100000000)
  region size 1024K, 34 young (34816K), 3 survivors (3072K)
 Metaspace       used 21337K, committed 21504K, reserved 1114112K
  class space    used 2314K, committed 2432K, reserved 1048576K
}
Event: 0.954 GC heap after
{Heap after GC invocations=2 (full 0):
 garbage-first heap   total 126976K, used 9911K [0x0000000084c00000, 0x0000000100000000)
  region size 1024K, 4 young (4096K), 4 survivors (4096K)
 Metaspace       used 21337K, committed 21504K, reserved 1114112K
  class space    used 2314K, committed 2432K, reserved 1048576K
}
Event: 1.243 GC heap before
{Heap before GC invocations=3 (full 0):
 garbage-first heap   total 40960K, used 31415K [0x0000000084c00000, 0x0000000100000000)
  region size 1024K, 23 young (23552K), 4 survivors (4096K)
 Metaspace       used 27142K, committed 27328K, reserved 1114112K
  class space    used 2984K, committed 3072K, reserved 1048576K
}
Event: 1.251 GC heap after
{Heap after GC invocations=4 (full 0):
 garbage-first heap   total 40960K, used 14884K [0x0000000084c00000, 0x0000000100000000)
  region size 1024K, 6 young (6144K), 6 survivors (6144K)
 Metaspace       used 27142K, committed 27328K, reserved 1114112K
  class space    used 2984K, committed 3072K, reserved 1048576K
}
Event: 1.259 GC heap before
{Heap before GC invocations=4 (full 0):
 garbage-first heap   total 40960K, used 14884K [0x0000000084c00000, 0x0000000100000000)
  region size 1024K, 7 young (7168K), 6 survivors (6144K)
 Metaspace       used 27421K, committed 27648K, reserved 1114112K
  class space    used 3012K, committed 3136K, reserved 1048576K
}
Event: 1.266 GC heap after
{Heap after GC invocations=5 (full 0):
 garbage-first heap   total 40960K, used 15510K [0x0000000084c00000, 0x0000000100000000)
  region size 1024K, 1 young (1024K), 1 survivors (1024K)
 Metaspace       used 27421K, committed 27648K, reserved 1114112K
  class space    used 3012K, committed 3136K, reserved 1048576K
}
Event: 1.492 GC heap before
{Heap before GC invocations=5 (full 0):
 garbage-first heap   total 40960K, used 32918K [0x0000000084c00000, 0x0000000100000000)
  region size 1024K, 16 young (16384K), 1 survivors (1024K)
 Metaspace       used 31244K, committed 31488K, reserved 1114112K
  class space    used 3803K, committed 3904K, reserved 1048576K
}
Event: 1.495 GC heap after
{Heap after GC invocations=6 (full 0):
 garbage-first heap   total 40960K, used 19455K [0x0000000084c00000, 0x0000000100000000)
  region size 1024K, 2 young (2048K), 2 survivors (2048K)
 Metaspace       used 31244K, committed 31488K, reserved 1114112K
  class space    used 3803K, committed 3904K, reserved 1048576K
}
Event: 1.632 GC heap before
{Heap before GC invocations=6 (full 0):
 garbage-first heap   total 40960K, used 30719K [0x0000000084c00000, 0x0000000100000000)
  region size 1024K, 14 young (14336K), 2 survivors (2048K)
 Metaspace       used 33457K, committed 33728K, reserved 1114112K
  class space    used 4272K, committed 4352K, reserved 1048576K
}
Event: 1.639 GC heap after
{Heap after GC invocations=7 (full 0):
 garbage-first heap   total 40960K, used 21623K [0x0000000084c00000, 0x0000000100000000)
  region size 1024K, 2 young (2048K), 2 survivors (2048K)
 Metaspace       used 33457K, committed 33728K, reserved 1114112K
  class space    used 4272K, committed 4352K, reserved 1048576K
}
Event: 1.754 GC heap before
{Heap before GC invocations=7 (full 0):
 garbage-first heap   total 40960K, used 29815K [0x0000000084c00000, 0x0000000100000000)
  region size 1024K, 11 young (11264K), 2 survivors (2048K)
 Metaspace       used 35665K, committed 35904K, reserved 1114112K
  class space    used 4530K, committed 4608K, reserved 1048576K
}
Event: 1.759 GC heap after
{Heap after GC invocations=8 (full 0):
 garbage-first heap   total 86016K, used 22860K [0x0000000084c00000, 0x0000000100000000)
  region size 1024K, 1 young (1024K), 1 survivors (1024K)
 Metaspace       used 35665K, committed 35904K, reserved 1114112K
  class space    used 4530K, committed 4608K, reserved 1048576K
}
Event: 2.271 GC heap before
{Heap before GC invocations=9 (full 0):
 garbage-first heap   total 86016K, used 60748K [0x0000000084c00000, 0x0000000100000000)
  region size 1024K, 38 young (38912K), 1 survivors (1024K)
 Metaspace       used 43041K, committed 43200K, reserved 1114112K
  class space    used 5295K, committed 5376K, reserved 1048576K
}
Event: 2.280 GC heap after
{Heap after GC invocations=10 (full 0):
 garbage-first heap   total 86016K, used 26887K [0x0000000084c00000, 0x0000000100000000)
  region size 1024K, 5 young (5120K), 5 survivors (5120K)
 Metaspace       used 43041K, committed 43200K, reserved 1114112K
  class space    used 5295K, committed 5376K, reserved 1048576K
}

